2022-04-15 01:11:17,531 INFO  [Log] Entered Application 
2022-04-15 01:11:19,422 INFO  [Log] Log in 
2022-04-15 01:11:19,633 INFO  [Log] Log out 
2022-04-15 01:11:31,565 INFO  [Log] Entered Application 
2022-04-15 01:11:33,030 INFO  [Log] Log in 
2022-04-15 01:11:33,073 INFO  [Log] Entered Frame 
2022-04-15 01:11:34,627 INFO  [Log] Added Emp 
2022-04-15 01:11:34,633 INFO  [Log] exit Frame 
2022-04-15 01:11:34,653 INFO  [Log] Log out 
2022-04-15 01:32:00,825 INFO  [Log] Entered Application 
2022-04-15 01:32:01,968 INFO  [Log] Log in 
2022-04-15 01:32:01,994 INFO  [Log] Log out 
2022-04-15 01:32:34,952 INFO  [Log] Entered Application 
2022-04-15 01:32:36,399 INFO  [Log] Log in 
2022-04-15 01:32:36,442 INFO  [Log] Entered Frame 
2022-04-15 01:32:38,830 INFO  [Log] Added Emp 
2022-04-15 01:32:38,846 INFO  [Log] exit Frame 
2022-04-15 01:32:38,877 INFO  [Log] Log out 
2022-04-15 01:34:50,898 INFO  [Log] Entered Application 
2022-04-15 01:34:52,841 INFO  [Log] Log in 
2022-04-15 01:34:52,888 INFO  [Log] Log out 
2022-04-15 01:41:05,636 INFO  [Log] Entered Application 
2022-04-15 01:41:06,859 INFO  [Log] Log in 
2022-04-15 01:41:06,891 INFO  [Log] Log out 
2022-04-15 01:41:50,647 INFO  [Log] Entered Application 
2022-04-15 01:41:51,562 INFO  [Log] Log in 
2022-04-15 01:41:51,593 INFO  [Log] Entered Frame 
2022-04-15 01:41:53,966 INFO  [Log] Added Emp 
2022-04-15 01:41:53,976 INFO  [Log] exit Frame 
2022-04-15 01:41:53,998 INFO  [Log] Log out 
2022-04-15 01:42:38,520 INFO  [Log] Entered Application 
2022-04-15 01:42:39,803 INFO  [Log] Log in 
2022-04-15 01:42:39,832 INFO  [Log] Entered Frame 
2022-04-15 01:42:41,493 INFO  [Log] Added Emp 
2022-04-15 01:42:41,501 INFO  [Log] exit Frame 
2022-04-15 01:42:41,529 INFO  [Log] Log out 
2022-04-15 01:48:38,721 INFO  [Log] Entered Application 
2022-04-15 01:48:39,863 INFO  [Log] Log in 
2022-04-15 01:48:39,890 INFO  [Log] Log out 
2022-04-15 01:49:15,136 INFO  [Log] Entered Application 
2022-04-15 01:49:16,766 INFO  [Log] Log in 
2022-04-15 01:49:16,813 INFO  [Log] Entered Frame 
2022-04-15 01:49:18,384 INFO  [Log] Added Emp 
2022-04-15 01:49:18,390 INFO  [Log] exit Frame 
2022-04-15 01:49:18,413 INFO  [Log] Log out 
2022-04-15 02:00:08,447 INFO  [Log] Entered Application 
2022-04-15 02:00:09,598 INFO  [Log] Log in 
2022-04-15 02:00:09,642 INFO  [Log] Log out 
2022-04-15 02:00:40,911 INFO  [Log] Entered Application 
2022-04-15 02:00:42,189 INFO  [Log] Log in 
2022-04-15 02:00:42,268 INFO  [Log] Entered Frame 
2022-04-15 02:00:44,034 INFO  [Log] Added Emp 
2022-04-15 02:00:44,053 INFO  [Log] exit Frame 
2022-04-15 02:00:44,092 INFO  [Log] Log out 
2022-04-15 02:02:17,820 INFO  [Log] Entered Application 
2022-04-15 02:02:18,778 INFO  [Log] Log in 
2022-04-15 02:02:18,816 INFO  [Log] Log out 
2022-04-15 02:02:49,872 INFO  [Log] Entered Application 
2022-04-15 02:02:51,011 INFO  [Log] Log in 
2022-04-15 02:02:51,053 INFO  [Log] Entered Frame 
2022-04-15 02:02:52,605 INFO  [Log] Added Emp 
2022-04-15 02:02:52,627 INFO  [Log] exit Frame 
2022-04-15 02:02:52,660 INFO  [Log] Log out 
2022-04-15 02:05:52,090 INFO  [Log] Entered Application 
2022-04-15 02:05:53,123 INFO  [Log] Log in 
2022-04-15 02:05:53,159 INFO  [Log] Log out 
2022-04-15 02:06:23,949 INFO  [Log] Entered Application 
2022-04-15 02:06:24,689 INFO  [Log] Log in 
2022-04-15 02:06:24,773 INFO  [Log] Entered Frame 
2022-04-15 02:06:26,562 INFO  [Log] Added Emp 
2022-04-15 02:06:26,574 INFO  [Log] exit Frame 
2022-04-15 02:06:26,606 INFO  [Log] Log out 
2022-04-15 02:10:08,632 INFO  [Log] Entered Application 
2022-04-15 02:10:09,692 INFO  [Log] Log in 
2022-04-15 02:10:09,725 INFO  [Log] Log out 
2022-04-15 02:10:42,397 INFO  [Log] Entered Application 
2022-04-15 02:10:43,457 INFO  [Log] Log in 
2022-04-15 02:10:43,516 INFO  [Log] Entered Frame 
2022-04-15 02:10:44,847 INFO  [Log] Added Emp 
2022-04-15 02:10:44,865 INFO  [Log] exit Frame 
2022-04-15 02:10:44,923 INFO  [Log] Log out 
2022-04-15 02:11:26,609 INFO  [Log] Entered Application 
2022-04-15 02:11:27,715 INFO  [Log] Log in 
2022-04-15 02:11:27,749 INFO  [Log] Log out 
2022-04-15 02:12:00,332 INFO  [Log] Entered Application 
2022-04-15 02:12:01,728 INFO  [Log] Log in 
2022-04-15 02:12:01,765 INFO  [Log] Entered Frame 
2022-04-15 02:12:03,269 INFO  [Log] Added Emp 
2022-04-15 02:12:03,278 INFO  [Log] exit Frame 
2022-04-15 02:12:03,306 INFO  [Log] Log out 
2022-04-15 12:14:19,204 INFO  [Log] Entered Application 
2022-04-15 12:14:20,290 INFO  [Log] Log in 
2022-04-15 12:14:20,414 INFO  [Log] Log out 
2022-04-15 12:14:28,612 INFO  [Log] Entered Application 
2022-04-15 12:14:29,829 INFO  [Log] Log in 
2022-04-15 12:14:30,093 INFO  [Log] Entered Frame 
2022-04-15 12:14:32,781 INFO  [Log] Added Emp 
2022-04-15 12:14:32,789 INFO  [Log] exit Frame 
2022-04-15 12:14:32,811 INFO  [Log] Log out 
2022-04-15 22:22:01,404 INFO  [Log] Entered Application 
2022-04-15 22:22:07,903 INFO  [Log] Log in 
2022-04-15 22:22:08,633 INFO  [Log] Log out 
2022-04-15 22:22:30,630 INFO  [Log] Entered Application 
2022-04-15 22:22:31,520 INFO  [Log] Log in 
2022-04-15 22:22:31,866 INFO  [Log] Entered Frame 
2022-04-15 22:22:34,699 INFO  [Log] Added Emp 
2022-04-15 22:22:34,706 INFO  [Log] exit Frame 
2022-04-15 22:22:34,735 INFO  [Log] Log out 
